<?xml version="1.0" encoding="UTF-8"?>
<testng-results ignored="0" total="8" passed="8" failed="0" skipped="0">
  <reporter-output>
  </reporter-output>
  <suite started-at="2021-10-25T06:11:42 EDT" name="Default suite" finished-at="2021-10-25T06:11:44 EDT" duration-ms="2643">
    <groups>
    </groups>
    <test started-at="2021-10-25T06:11:42 EDT" name="Default test" finished-at="2021-10-25T06:11:44 EDT" duration-ms="2643">
      <class name="com.employeeapi.testcase.TC_003_POST_NEW_EMP">
        <test-method is-config="true" signature="setup()[pri:0, instance:com.employeeapi.testcase.TC_003_POST_NEW_EMP@2d7275fc]" started-at="2021-10-25T06:11:42 EDT" name="setup" finished-at="2021-10-25T06:11:42 EDT" duration-ms="96" status="PASS">
          <reporter-output>
          </reporter-output>
        </test-method> <!-- setup -->
        <test-method is-config="true" signature="postNewemp()[pri:0, instance:com.employeeapi.testcase.TC_003_POST_NEW_EMP@2d7275fc]" started-at="2021-10-25T06:11:42 EDT" name="postNewemp" finished-at="2021-10-25T06:11:44 EDT" duration-ms="2456" status="PASS">
          <reporter-output>
          </reporter-output>
        </test-method> <!-- postNewemp -->
        <test-method signature="validationBody()[pri:0, instance:com.employeeapi.testcase.TC_003_POST_NEW_EMP@2d7275fc]" started-at="2021-10-25T06:11:44 EDT" name="validationBody" finished-at="2021-10-25T06:11:44 EDT" duration-ms="17" status="PASS">
          <reporter-output>
          </reporter-output>
        </test-method> <!-- validationBody -->
        <test-method signature="validationContentEncoding()[pri:0, instance:com.employeeapi.testcase.TC_003_POST_NEW_EMP@2d7275fc]" started-at="2021-10-25T06:11:44 EDT" name="validationContentEncoding" finished-at="2021-10-25T06:11:44 EDT" duration-ms="2" status="PASS">
          <reporter-output>
          </reporter-output>
        </test-method> <!-- validationContentEncoding -->
        <test-method signature="validationContentType()[pri:0, instance:com.employeeapi.testcase.TC_003_POST_NEW_EMP@2d7275fc]" started-at="2021-10-25T06:11:44 EDT" name="validationContentType" finished-at="2021-10-25T06:11:44 EDT" duration-ms="2" status="PASS">
          <reporter-output>
          </reporter-output>
        </test-method> <!-- validationContentType -->
        <test-method signature="validationResponsePost()[pri:0, instance:com.employeeapi.testcase.TC_003_POST_NEW_EMP@2d7275fc]" started-at="2021-10-25T06:11:44 EDT" name="validationResponsePost" finished-at="2021-10-25T06:11:44 EDT" duration-ms="3" status="PASS">
          <reporter-output>
          </reporter-output>
        </test-method> <!-- validationResponsePost -->
        <test-method signature="validationResponseTime()[pri:0, instance:com.employeeapi.testcase.TC_003_POST_NEW_EMP@2d7275fc]" started-at="2021-10-25T06:11:44 EDT" name="validationResponseTime" finished-at="2021-10-25T06:11:44 EDT" duration-ms="3" status="PASS">
          <reporter-output>
          </reporter-output>
        </test-method> <!-- validationResponseTime -->
        <test-method signature="validationServerType()[pri:0, instance:com.employeeapi.testcase.TC_003_POST_NEW_EMP@2d7275fc]" started-at="2021-10-25T06:11:44 EDT" name="validationServerType" finished-at="2021-10-25T06:11:44 EDT" duration-ms="3" status="PASS">
          <reporter-output>
          </reporter-output>
        </test-method> <!-- validationServerType -->
        <test-method signature="validationStatusCode()[pri:0, instance:com.employeeapi.testcase.TC_003_POST_NEW_EMP@2d7275fc]" started-at="2021-10-25T06:11:44 EDT" name="validationStatusCode" finished-at="2021-10-25T06:11:44 EDT" duration-ms="2" status="PASS">
          <reporter-output>
          </reporter-output>
        </test-method> <!-- validationStatusCode -->
        <test-method signature="validationStatusLine()[pri:0, instance:com.employeeapi.testcase.TC_003_POST_NEW_EMP@2d7275fc]" started-at="2021-10-25T06:11:44 EDT" name="validationStatusLine" finished-at="2021-10-25T06:11:44 EDT" duration-ms="4" status="PASS">
          <reporter-output>
          </reporter-output>
        </test-method> <!-- validationStatusLine -->
        <test-method is-config="true" signature="tearDown()[pri:0, instance:com.employeeapi.testcase.TC_003_POST_NEW_EMP@2d7275fc]" started-at="2021-10-25T06:11:44 EDT" name="tearDown" finished-at="2021-10-25T06:11:44 EDT" duration-ms="1" status="PASS">
          <reporter-output>
          </reporter-output>
        </test-method> <!-- tearDown -->
      </class> <!-- com.employeeapi.testcase.TC_003_POST_NEW_EMP -->
    </test> <!-- Default test -->
  </suite> <!-- Default suite -->
</testng-results>
