<?xml version="1.0" encoding="UTF-8"?>
<!-- Generated by org.testng.reporters.JUnitXMLReporter -->
<testsuite ignored="0" hostname="Advik99" failures="0" tests="7" name="Default test" time="3.056" errors="0" timestamp="2021-10-24T05:18:25 EDT">
  <testcase classname="com.employeeapi.testcase.TC_002_GET_SNG_EMP_DATA" name="validationBody" time="0.028"/>
  <testcase classname="com.employeeapi.testcase.TC_002_GET_SNG_EMP_DATA" name="validationContentEncoding" time="0.003"/>
  <testcase classname="com.employeeapi.testcase.TC_002_GET_SNG_EMP_DATA" name="validationContentType" time="0.002"/>
  <testcase classname="com.employeeapi.testcase.TC_002_GET_SNG_EMP_DATA" name="validationResponseTime" time="0.002"/>
  <testcase classname="com.employeeapi.testcase.TC_002_GET_SNG_EMP_DATA" name="validationServerType" time="0.001"/>
  <testcase classname="com.employeeapi.testcase.TC_002_GET_SNG_EMP_DATA" name="validationStatusCode" time="0.001"/>
  <testcase classname="com.employeeapi.testcase.TC_002_GET_SNG_EMP_DATA" name="validationStatusLine" time="0.005"/>
</testsuite> <!-- Default test -->
