<?xml version="1.0" encoding="UTF-8"?>
<!-- Generated by org.testng.reporters.JUnitXMLReporter -->
<testsuite ignored="0" hostname="Advik99" failures="0" tests="8" name="Default test" time="2.643" errors="0" timestamp="2021-10-25T06:11:44 EDT">
  <testcase classname="com.employeeapi.testcase.TC_003_POST_NEW_EMP" name="validationBody" time="0.017"/>
  <testcase classname="com.employeeapi.testcase.TC_003_POST_NEW_EMP" name="validationContentEncoding" time="0.002"/>
  <testcase classname="com.employeeapi.testcase.TC_003_POST_NEW_EMP" name="validationContentType" time="0.002"/>
  <testcase classname="com.employeeapi.testcase.TC_003_POST_NEW_EMP" name="validationResponsePost" time="0.003"/>
  <testcase classname="com.employeeapi.testcase.TC_003_POST_NEW_EMP" name="validationResponseTime" time="0.003"/>
  <testcase classname="com.employeeapi.testcase.TC_003_POST_NEW_EMP" name="validationServerType" time="0.003"/>
  <testcase classname="com.employeeapi.testcase.TC_003_POST_NEW_EMP" name="validationStatusCode" time="0.002"/>
  <testcase classname="com.employeeapi.testcase.TC_003_POST_NEW_EMP" name="validationStatusLine" time="0.004"/>
</testsuite> <!-- Default test -->
