<?xml version="1.0" encoding="UTF-8"?>
<!-- Generated by org.testng.reporters.JUnitXMLReporter -->
<testsuite ignored="0" hostname="Advik99" failures="1" tests="8" name="EmployeesRestAPITest" time="2.901" errors="0" timestamp="2021-10-18T07:03:25 EDT">
  <testcase classname="com.employeeapi.testcase.TC_001_GET_ALL_EMP" name="validationBody" time="0.018"/>
  <testcase classname="com.employeeapi.testcase.TC_001_GET_ALL_EMP" name="validationCode" time="0.003">
    <failure type="java.lang.AssertionError" message="--&amp;gt;FAIL&amp;lt;-- statusCodeAcutal 200 expected [201] but found [200]">
      <![CDATA[java.lang.AssertionError: -->FAIL<-- statusCodeAcutal 200 expected [201] but found [200]
at com.employeeapi.testcase.Validation.validationStatusCode(Validation.java:38)
at com.employeeapi.testcase.TC_001_GET_ALL_EMP.validationCode(TC_001_GET_ALL_EMP.java:36)
at java.base/java.util.ArrayList.forEach(ArrayList.java:1507)
... Removed 32 stack frames]]>
    </failure>
  </testcase> <!-- validationCode -->
  <testcase classname="com.employeeapi.testcase.TC_001_GET_ALL_EMP" name="validationContent" time="0.002"/>
  <testcase classname="com.employeeapi.testcase.TC_001_GET_ALL_EMP" name="validationEncoding" time="0.002"/>
  <testcase classname="com.employeeapi.testcase.TC_001_GET_ALL_EMP" name="validationLength" time="0.001"/>
  <testcase classname="com.employeeapi.testcase.TC_001_GET_ALL_EMP" name="validationLine" time="0.002"/>
  <testcase classname="com.employeeapi.testcase.TC_001_GET_ALL_EMP" name="validationServer" time="0.002"/>
  <testcase classname="com.employeeapi.testcase.TC_001_GET_ALL_EMP" name="validationTime" time="0.003"/>
</testsuite> <!-- EmployeesRestAPITest -->
