<?xml version="1.0" encoding="UTF-8"?>
<!-- Generated by org.testng.reporters.JUnitXMLReporter -->
<testsuite ignored="0" hostname="Advik99" failures="0" tests="8" name="EmployeesRestAPITest" time="3.131" errors="0" timestamp="2021-10-18T19:26:51 EDT">
  <testcase classname="com.employeeapi.testcase.TC_001_GET_ALL_EMP" name="validationBody" time="0.036"/>
  <testcase classname="com.employeeapi.testcase.TC_001_GET_ALL_EMP" name="validationCode" time="0.004"/>
  <testcase classname="com.employeeapi.testcase.TC_001_GET_ALL_EMP" name="validationContent" time="0.005"/>
  <testcase classname="com.employeeapi.testcase.TC_001_GET_ALL_EMP" name="validationEncoding" time="0.004"/>
  <testcase classname="com.employeeapi.testcase.TC_001_GET_ALL_EMP" name="validationLength" time="0.014"/>
  <testcase classname="com.employeeapi.testcase.TC_001_GET_ALL_EMP" name="validationLine" time="0.005"/>
  <testcase classname="com.employeeapi.testcase.TC_001_GET_ALL_EMP" name="validationServer" time="0.003"/>
  <testcase classname="com.employeeapi.testcase.TC_001_GET_ALL_EMP" name="validationTime" time="0.004"/>
</testsuite> <!-- EmployeesRestAPITest -->
